<?xml version="1.0" encoding="UTF-8"?>
<testsuite name="org.myjtools.jexten.gradle.JextenGradlePluginTest" tests="1" skipped="0" failures="0" errors="0" timestamp="2025-07-18T21:53:53.986Z" hostname="laptop" time="2.395">
  <properties/>
  <testcase name="pluginApplied()" classname="org.myjtools.jexten.gradle.JextenGradlePluginTest" time="2.395"/>
  <system-out><![CDATA[]]></system-out>
  <system-err><![CDATA[]]></system-err>
</testsuite>
